0 info it worked if it ends with ok
1 verbose cli [ 'C:\\Program Files\\nodejs\\node.exe',
1 verbose cli   'C:\\Program Files\\nodejs\\node_modules\\npm\\bin\\npm-cli.js',
1 verbose cli   'run',
1 verbose cli   'start' ]
2 info using npm@3.10.9
3 info using node@v7.2.0
4 verbose run-script [ 'prestart', 'start', 'poststart' ]
5 info lifecycle 36db.github.io@1.0.0~prestart: 36db.github.io@1.0.0
6 silly lifecycle 36db.github.io@1.0.0~prestart: no script for prestart, continuing
7 info lifecycle 36db.github.io@1.0.0~start: 36db.github.io@1.0.0
8 verbose lifecycle 36db.github.io@1.0.0~start: unsafe-perm in lifecycle true
9 verbose lifecycle 36db.github.io@1.0.0~start: PATH: C:\Program Files\nodejs\node_modules\npm\bin\node-gyp-bin;C:\Users\YOON\gf\36DB.github.io\node_modules\.bin;C:\Program Files\Git\mingw64\bin;C:\Program Files\Git\usr\bin;C:\Users\YOON\bin;C:\Python35\Scripts;C:\Python35;C:\ProgramData\Oracle\Java\javapath;C:\tools\ruby23\bin;C:\WINDOWS\system32;C:\WINDOWS;C:\WINDOWS\System32\Wbem;C:\WINDOWS\System32\WindowsPowerShell\v1.0;C:\Program Files\Git\cmd;C:\ProgramData\chocolatey\bin;C:\Program Files\nodejs;C:\Program Files\Java\jdk1.8.0_112\bin;C:\Program Files\OpenSSH-Win64;C:\tools\groovy-2.4.7\bin;C:\Program Files\Java\jre7\bin;C:\Program Files (x86)\vim\vim80;C:\Program Files (x86)\NVIDIA Corporation\PhysX\Common;%SystemRoot%\system32;%SystemRoot%;%SystemRoot%\System32\Wbem;%SYSTEMROOT%\System32\WindowsPowerShell\v1.0;C:\Users\YOON\AppData\Local\Programs\Python\Python35\Scripts;C:\Users\YOON\AppData\Local\Programs\Python\Python35;C:\Users\YOON\AppData\Local\Microsoft\WindowsApps;C:\Users\YOON\AppData\Roaming\npm;C:\Program Files (x86)\Microsoft VS Code\bin;C:\bin\scala-2.11.4\bin;C:\Users\YOON\AppData\Local\Android\android-sdk\tools;C:\Users\YOON\AppData\Local\Android\android-sdk\platform-tools;C:\Program Files\Docker Toolbox;C:\tools\mysql\current\bin
10 verbose lifecycle 36db.github.io@1.0.0~start: CWD: C:\Users\YOON\gf\36DB.github.io
11 silly lifecycle 36db.github.io@1.0.0~start: Args: [ '/d /s /c',
11 silly lifecycle   'webpack-dev-server --config ./webpack/dev.config.js --progress --colors' ]
12 silly lifecycle 36db.github.io@1.0.0~start: Returned: code: 3221225786  signal: null
13 info lifecycle 36db.github.io@1.0.0~start: Failed to exec start script
14 verbose stack Error: 36db.github.io@1.0.0 start: `webpack-dev-server --config ./webpack/dev.config.js --progress --colors`
14 verbose stack Exit status 3221225786
14 verbose stack     at EventEmitter.<anonymous> (C:\Program Files\nodejs\node_modules\npm\lib\utils\lifecycle.js:255:16)
14 verbose stack     at emitTwo (events.js:106:13)
14 verbose stack     at EventEmitter.emit (events.js:191:7)
14 verbose stack     at ChildProcess.<anonymous> (C:\Program Files\nodejs\node_modules\npm\lib\utils\spawn.js:40:14)
14 verbose stack     at emitTwo (events.js:106:13)
14 verbose stack     at ChildProcess.emit (events.js:191:7)
14 verbose stack     at maybeClose (internal/child_process.js:885:16)
14 verbose stack     at Process.ChildProcess._handle.onexit (internal/child_process.js:226:5)
15 verbose pkgid 36db.github.io@1.0.0
16 verbose cwd C:\Users\YOON\gf\36DB.github.io
17 error Windows_NT 10.0.16299
18 error argv "C:\\Program Files\\nodejs\\node.exe" "C:\\Program Files\\nodejs\\node_modules\\npm\\bin\\npm-cli.js" "run" "start"
19 error node v7.2.0
20 error npm  v3.10.9
21 error code ELIFECYCLE
22 error 36db.github.io@1.0.0 start: `webpack-dev-server --config ./webpack/dev.config.js --progress --colors`
22 error Exit status 3221225786
23 error Failed at the 36db.github.io@1.0.0 start script 'webpack-dev-server --config ./webpack/dev.config.js --progress --colors'.
23 error Make sure you have the latest version of node.js and npm installed.
23 error If you do, this is most likely a problem with the 36db.github.io package,
23 error not with npm itself.
23 error Tell the author that this fails on your system:
23 error     webpack-dev-server --config ./webpack/dev.config.js --progress --colors
23 error You can get information on how to open an issue for this project with:
23 error     npm bugs 36db.github.io
23 error Or if that isn't available, you can get their info via:
23 error     npm owner ls 36db.github.io
23 error There is likely additional logging output above.
24 verbose exit [ 1, true ]
